--- 2020-12-07 12:56:19.965 [           main] ERROR           org.moqui.impl.context.ElasticFacadeImpl [] []
 Error initializing ElasticClient for cluster default: java.util.concurrent.ExecutionException: java.net.ConnectException: Connection refused
--- 2020-12-07 12:56:20.065 [           main] ERROR      org.moqui.impl.webapp.ElasticRequestLogFilter [] []
 In ElasticRequestLogFilter init could not find ElasticClient with name logger or default, not starting
--- 2020-12-07 13:48:32.355 [           main] ERROR           org.moqui.impl.context.ElasticFacadeImpl [] []
 Error initializing ElasticClient for cluster default: java.util.concurrent.ExecutionException: java.net.ConnectException: Connection refused
--- 2020-12-07 13:48:32.479 [           main] ERROR      org.moqui.impl.webapp.ElasticRequestLogFilter [] []
 In ElasticRequestLogFilter init could not find ElasticClient with name logger or default, not starting
--- 2020-12-07 14:10:03.298 [           main] ERROR           org.moqui.impl.context.ElasticFacadeImpl [] []
 Error initializing ElasticClient for cluster default: java.util.concurrent.ExecutionException: java.net.ConnectException: Connection refused
--- 2020-12-07 14:10:28.085 [           main] ERROR           org.moqui.impl.context.ElasticFacadeImpl [] []
 Error initializing ElasticClient for cluster default: java.util.concurrent.ExecutionException: java.net.ConnectException: Connection refused
--- 2020-12-07 14:10:28.207 [           main] ERROR      org.moqui.impl.webapp.ElasticRequestLogFilter [] []
 In ElasticRequestLogFilter init could not find ElasticClient with name logger or default, not starting
--- 2020-12-07 14:11:07.344 [1227229563-3869] ERROR         org.moqui.impl.service.ServiceCallSyncImpl [] []
 Error running service update#moqui.server.Visit
org.moqui.entity.EntityException: Error updating Visit [visitId:100303]
	at org.moqui.impl.entity.EntityValueBase.update(EntityValueBase.java:1614) ~[moqui-framework-3.0.0-rc6.jar:3.0.0-rc6]
	at org.moqui.impl.service.runner.EntityAutoServiceRunner.updateEntity(EntityAutoServiceRunner.groovy:519) ~[moqui-framework-3.0.0-rc6.jar:3.0.0-rc6]
	at org.moqui.impl.service.ServiceCallSyncImpl.runImplicitEntityAuto(ServiceCallSyncImpl.java:599) ~[moqui-framework-3.0.0-rc6.jar:3.0.0-rc6]
	at org.moqui.impl.service.ServiceCallSyncImpl.callSingle(ServiceCallSyncImpl.java:213) ~[moqui-framework-3.0.0-rc6.jar:3.0.0-rc6]
	at org.moqui.impl.service.ServiceCallSyncImpl.call(ServiceCallSyncImpl.java:123) ~[moqui-framework-3.0.0-rc6.jar:3.0.0-rc6]
	at org.moqui.impl.webapp.MoquiSessionListener.closeVisit(MoquiSessionListener.groovy:88) ~[moqui-framework-3.0.0-rc6.jar:3.0.0-rc6]
	at org.moqui.impl.webapp.MoquiSessionListener.sessionDestroyed(MoquiSessionListener.groovy:55) ~[moqui-framework-3.0.0-rc6.jar:3.0.0-rc6]
	at org.moqui.impl.context.WebFacadeImpl.makeNewSession(WebFacadeImpl.groovy:483) ~[moqui-framework-3.0.0-rc6.jar:3.0.0-rc6]
	at org.moqui.impl.context.UserFacadeImpl.loginUser(UserFacadeImpl.groovy:638) ~[moqui-framework-3.0.0-rc6.jar:3.0.0-rc6]
	at component___webroot_screen_webroot_Login_xml_transition_login_actions.run(component___webroot_screen_webroot_Login_xml_transition_login_actions:8) ~[?:?]
	at org.moqui.impl.actions.XmlAction.run(XmlAction.java:67) ~[moqui-framework-3.0.0-rc6.jar:3.0.0-rc6]
	at org.moqui.impl.screen.ScreenDefinition$TransitionItem.run(ScreenDefinition.groovy:845) ~[moqui-framework-3.0.0-rc6.jar:3.0.0-rc6]
	at org.moqui.impl.screen.ScreenRenderImpl.recursiveRunTransition(ScreenRenderImpl.groovy:713) ~[moqui-framework-3.0.0-rc6.jar:3.0.0-rc6]
	at org.moqui.impl.screen.ScreenRenderImpl.recursiveRunTransition(ScreenRenderImpl.groovy:709) ~[moqui-framework-3.0.0-rc6.jar:3.0.0-rc6]
	at org.moqui.impl.screen.ScreenRenderImpl.internalRender(ScreenRenderImpl.groovy:419) ~[moqui-framework-3.0.0-rc6.jar:3.0.0-rc6]
	at org.moqui.impl.screen.ScreenRenderImpl.render(ScreenRenderImpl.groovy:170) ~[moqui-framework-3.0.0-rc6.jar:3.0.0-rc6]
	at org.moqui.impl.webapp.MoquiServlet.service(MoquiServlet.groovy:154) ~[moqui-framework-3.0.0-rc6.jar:3.0.0-rc6]
	at javax.servlet.http.HttpServlet.service(HttpServlet.java:790) ~[moqui_temp1486119656678023027execlib_javax.servlet-api-3.1.0.jar.:3.1.0]
	at org.moqui.impl.webapp.ElasticRequestLogFilter.doFilter(ElasticRequestLogFilter.groovy:96) ~[moqui-framework-3.0.0-rc6.jar:3.0.0-rc6]
	at java.lang.Thread.run(Thread.java:748) [?:1.8.0_275]
Caused by: org.moqui.entity.EntityException: Tried to update a value that does not exist [[moqui.server.Visit: [visitId:100303, null:null, null:null, null:null, null:null, null:null, null:null, null:null, null:null, null:null, null:null, null:null, null:null, null:null, null:null, null:null, null:null, null:null, null:null, null:null, null:null, null:null, null:null, null:null, null:null, null:null, null:null, thruDate:2020-12-07 14:11:07.342, lastUpdatedStamp:2020-12-07 14:11:07.325]]]. SQL used was UPDATE VISIT SET THRU_DATE=?, LAST_UPDATED_STAMP=? WHERE VISIT_ID=?, parameters were [thruDate:2020-12-07 14:11:07.342, lastUpdatedStamp:2020-12-07 14:11:07.325, visitId:100303]
	at org.moqui.impl.entity.EntityValueImpl.updateExtended(EntityValueImpl.java:148) ~[moqui-framework-3.0.0-rc6.jar:3.0.0-rc6]
	at org.moqui.impl.entity.EntityValueBase.update(EntityValueBase.java:1601) ~[moqui-framework-3.0.0-rc6.jar:3.0.0-rc6]
	... 19 more
--- 2020-12-07 14:11:07.349 [1227229563-3869] ERROR           org.moqui.impl.context.MessageFacadeImpl [] []
 Error updating Visit [visitId:100303]
--- 2020-12-07 14:11:07.349 [1227229563-3869] ERROR           org.moqui.impl.context.MessageFacadeImpl [] []
 Tried to update a value that does not exist [[moqui.server.Visit: [visitId:100303, null:null, null:null, null:null, null:null, null:null, null:null, null:null, null:null, null:null, null:null, null:null, null:null, null:null, null:null, null:null, null:null, null:null, null:null, null:null, null:null, null:null, null:null, null:null, null:null, null:null, null:null, thruDate:2020-12-07 14:11:07.342, lastUpdatedStamp:2020-12-07 14:11:07.325]]]. SQL used was UPDATE VISIT SET THRU_DATE=?, LAST_UPDATED_STAMP=? WHERE VISIT_ID=?, parameters were [thruDate:2020-12-07 14:11:07.342, lastUpdatedStamp:2020-12-07 14:11:07.325, visitId:100303]
--- 2020-12-07 14:11:07.353 [1227229563-3869] ERROR           org.moqui.impl.context.MessageFacadeImpl [] []
 Authentication failed for token submission [org.apache.shiro.authc.UsernamePasswordToken - john.doe, rememberMe=true].  Possible unexpected error? (Typical or expected login exceptions should extend from AuthenticationException).
--- 2020-12-07 14:11:10.433 [1227229563-3869] ERROR         org.moqui.impl.service.ServiceCallSyncImpl [] []
 Error running service update#moqui.server.Visit
org.moqui.entity.EntityException: Error updating Visit [visitId:100303]
	at org.moqui.impl.entity.EntityValueBase.update(EntityValueBase.java:1614) ~[moqui-framework-3.0.0-rc6.jar:3.0.0-rc6]
	at org.moqui.impl.service.runner.EntityAutoServiceRunner.updateEntity(EntityAutoServiceRunner.groovy:519) ~[moqui-framework-3.0.0-rc6.jar:3.0.0-rc6]
	at org.moqui.impl.service.ServiceCallSyncImpl.runImplicitEntityAuto(ServiceCallSyncImpl.java:599) ~[moqui-framework-3.0.0-rc6.jar:3.0.0-rc6]
	at org.moqui.impl.service.ServiceCallSyncImpl.callSingle(ServiceCallSyncImpl.java:213) ~[moqui-framework-3.0.0-rc6.jar:3.0.0-rc6]
	at org.moqui.impl.service.ServiceCallSyncImpl.call(ServiceCallSyncImpl.java:123) ~[moqui-framework-3.0.0-rc6.jar:3.0.0-rc6]
	at org.moqui.impl.webapp.MoquiSessionListener.closeVisit(MoquiSessionListener.groovy:88) ~[moqui-framework-3.0.0-rc6.jar:3.0.0-rc6]
	at org.moqui.impl.webapp.MoquiSessionListener.sessionDestroyed(MoquiSessionListener.groovy:55) ~[moqui-framework-3.0.0-rc6.jar:3.0.0-rc6]
	at org.moqui.impl.context.WebFacadeImpl.makeNewSession(WebFacadeImpl.groovy:483) ~[moqui-framework-3.0.0-rc6.jar:3.0.0-rc6]
	at org.moqui.impl.context.UserFacadeImpl.loginUser(UserFacadeImpl.groovy:638) ~[moqui-framework-3.0.0-rc6.jar:3.0.0-rc6]
	at component___webroot_screen_webroot_Login_xml_transition_login_actions.run(component___webroot_screen_webroot_Login_xml_transition_login_actions:8) ~[?:?]
	at org.moqui.impl.actions.XmlAction.run(XmlAction.java:67) ~[moqui-framework-3.0.0-rc6.jar:3.0.0-rc6]
	at org.moqui.impl.screen.ScreenDefinition$TransitionItem.run(ScreenDefinition.groovy:845) ~[moqui-framework-3.0.0-rc6.jar:3.0.0-rc6]
	at org.moqui.impl.screen.ScreenRenderImpl.recursiveRunTransition(ScreenRenderImpl.groovy:713) ~[moqui-framework-3.0.0-rc6.jar:3.0.0-rc6]
	at org.moqui.impl.screen.ScreenRenderImpl.recursiveRunTransition(ScreenRenderImpl.groovy:709) ~[moqui-framework-3.0.0-rc6.jar:3.0.0-rc6]
	at org.moqui.impl.screen.ScreenRenderImpl.internalRender(ScreenRenderImpl.groovy:419) ~[moqui-framework-3.0.0-rc6.jar:3.0.0-rc6]
	at org.moqui.impl.screen.ScreenRenderImpl.render(ScreenRenderImpl.groovy:170) ~[moqui-framework-3.0.0-rc6.jar:3.0.0-rc6]
	at org.moqui.impl.webapp.MoquiServlet.service(MoquiServlet.groovy:154) ~[moqui-framework-3.0.0-rc6.jar:3.0.0-rc6]
	at javax.servlet.http.HttpServlet.service(HttpServlet.java:790) ~[moqui_temp1486119656678023027execlib_javax.servlet-api-3.1.0.jar.:3.1.0]
	at org.moqui.impl.webapp.ElasticRequestLogFilter.doFilter(ElasticRequestLogFilter.groovy:96) ~[moqui-framework-3.0.0-rc6.jar:3.0.0-rc6]
	at java.lang.Thread.run(Thread.java:748) [?:1.8.0_275]
Caused by: org.moqui.entity.EntityException: Tried to update a value that does not exist [[moqui.server.Visit: [visitId:100303, null:null, null:null, null:null, null:null, null:null, null:null, null:null, null:null, null:null, null:null, null:null, null:null, null:null, null:null, null:null, null:null, null:null, null:null, null:null, null:null, null:null, null:null, null:null, null:null, null:null, null:null, thruDate:2020-12-07 14:11:10.433, lastUpdatedStamp:2020-12-07 14:11:10.432]]]. SQL used was UPDATE VISIT SET THRU_DATE=?, LAST_UPDATED_STAMP=? WHERE VISIT_ID=?, parameters were [thruDate:2020-12-07 14:11:10.433, lastUpdatedStamp:2020-12-07 14:11:10.432, visitId:100303]
	at org.moqui.impl.entity.EntityValueImpl.updateExtended(EntityValueImpl.java:148) ~[moqui-framework-3.0.0-rc6.jar:3.0.0-rc6]
	at org.moqui.impl.entity.EntityValueBase.update(EntityValueBase.java:1601) ~[moqui-framework-3.0.0-rc6.jar:3.0.0-rc6]
	... 19 more
--- 2020-12-07 14:11:10.438 [1227229563-3869] ERROR           org.moqui.impl.context.MessageFacadeImpl [] []
 Error updating Visit [visitId:100303]
--- 2020-12-07 14:11:10.438 [1227229563-3869] ERROR           org.moqui.impl.context.MessageFacadeImpl [] []
 Tried to update a value that does not exist [[moqui.server.Visit: [visitId:100303, null:null, null:null, null:null, null:null, null:null, null:null, null:null, null:null, null:null, null:null, null:null, null:null, null:null, null:null, null:null, null:null, null:null, null:null, null:null, null:null, null:null, null:null, null:null, null:null, null:null, null:null, thruDate:2020-12-07 14:11:10.433, lastUpdatedStamp:2020-12-07 14:11:10.432]]]. SQL used was UPDATE VISIT SET THRU_DATE=?, LAST_UPDATED_STAMP=? WHERE VISIT_ID=?, parameters were [thruDate:2020-12-07 14:11:10.433, lastUpdatedStamp:2020-12-07 14:11:10.432, visitId:100303]
--- 2020-12-07 14:11:10.440 [1227229563-3869] ERROR           org.moqui.impl.context.MessageFacadeImpl [] []
 Authentication failed for token submission [org.apache.shiro.authc.UsernamePasswordToken - john.doe, rememberMe=true].  Possible unexpected error? (Typical or expected login exceptions should extend from AuthenticationException).
